# JRE version: OpenJDK Runtime Environment (23.0.2+7) (build 23.0.2+7-58)
# Java VM: OpenJDK 64-Bit Server VM (23.0.2+7-58, mixed mode, emulated-client, sharing, tiered, compressed oops, compressed class ptrs, g1 gc, windows-amd64)
GC Precious Log:
 CardTable entry size: 512
 Card Set container configuration: InlinePtr #cards 4 size 8 Array Of Cards #cards 16 size 48 Howl #buckets 8 coarsen threshold 3686 Howl Bitmap #cards 512 size 80 coarsen threshold 460 Card regions per heap region 1 cards per card region 4096
 CPUs: 12 total, 12 available
 Memory: 16068M
 Large Page Support: Disabled
 NUMA Support: Disabled
 Compressed Oops: Enabled (Zero based)
 Heap Region Size: 2M
 Heap Min Capacity: 8M
 Heap Initial Capacity: 252M
 Heap Max Capacity: 4018M
 Pre-touch: Disabled
 Parallel Workers: 10
 Concurrent Workers: 3
 Concurrent Refinement Workers: 10
 Periodic GC: Disabled
Heap:
 garbage-first heap   total reserved 4114432K, committed 96256K, used 41723K [0x0000000704e00000, 0x0000000800000000)
  region size 2048K, 2 young (4096K), 2 survivors (4096K)
 Metaspace       used 73807K, committed 74560K, reserved 1114112K
  class space    used 11124K, committed 11456K, reserved 1048576K
GC Heap History (20 events):
Event: 2.423 GC heap after
{Heap after GC invocations=6 (full 0):
 garbage-first heap   total reserved 4114432K, committed 61440K, used 20626K [0x0000000704e00000, 0x0000000800000000)
  region size 2048K, 1 young (2048K), 1 survivors (2048K)
 Metaspace       used 25466K, committed 25920K, reserved 1114112K
  class space    used 3489K, committed 3712K, reserved 1048576K
}
Event: 2.737 GC heap before
{Heap before GC invocations=6 (full 0):
 garbage-first heap   total reserved 4114432K, committed 61440K, used 45202K [0x0000000704e00000, 0x0000000800000000)
  region size 2048K, 13 young (26624K), 1 survivors (2048K)
 Metaspace       used 28373K, committed 28864K, reserved 1114112K
  class space    used 4015K, committed 4224K, reserved 1048576K
}
Event: 2.742 GC heap after
{Heap after GC invocations=7 (full 0):
 garbage-first heap   total reserved 4114432K, committed 61440K, used 21897K [0x0000000704e00000, 0x0000000800000000)
  region size 2048K, 2 young (4096K), 2 survivors (4096K)
 Metaspace       used 28373K, committed 28864K, reserved 1114112K
  class space    used 4015K, committed 4224K, reserved 1048576K
}
Event: 3.081 GC heap before
{Heap before GC invocations=7 (full 0):
 garbage-first heap   total reserved 4114432K, committed 61440K, used 44425K [0x0000000704e00000, 0x0000000800000000)
  region size 2048K, 14 young (28672K), 2 survivors (4096K)
 Metaspace       used 31201K, committed 31744K, reserved 1114112K
  class space    used 4480K, committed 4736K, reserved 1048576K
}
Event: 3.088 GC heap after
{Heap after GC invocations=8 (full 0):
 garbage-first heap   total reserved 4114432K, committed 159744K, used 24117K [0x0000000704e00000, 0x0000000800000000)
  region size 2048K, 2 young (4096K), 2 survivors (4096K)
 Metaspace       used 31201K, committed 31744K, reserved 1114112K
  class space    used 4480K, committed 4736K, reserved 1048576K
}
Event: 3.458 GC heap before
{Heap before GC invocations=8 (full 0):
 garbage-first heap   total reserved 4114432K, committed 159744K, used 52789K [0x0000000704e00000, 0x0000000800000000)
  region size 2048K, 17 young (34816K), 2 survivors (4096K)
 Metaspace       used 35642K, committed 36160K, reserved 1114112K
  class space    used 5083K, committed 5312K, reserved 1048576K
}
Event: 3.464 GC heap after
{Heap after GC invocations=9 (full 0):
 garbage-first heap   total reserved 4114432K, committed 159744K, used 26534K [0x0000000704e00000, 0x0000000800000000)
  region size 2048K, 3 young (6144K), 3 survivors (6144K)
 Metaspace       used 35642K, committed 36160K, reserved 1114112K
  class space    used 5083K, committed 5312K, reserved 1048576K
}
Event: 4.056 GC heap before
{Heap before GC invocations=10 (full 0):
 garbage-first heap   total reserved 4114432K, committed 96256K, used 77734K [0x0000000704e00000, 0x0000000800000000)
  region size 2048K, 28 young (57344K), 3 survivors (6144K)
 Metaspace       used 41146K, committed 41792K, reserved 1114112K
  class space    used 5903K, committed 6144K, reserved 1048576K
}
Event: 4.063 GC heap after
{Heap after GC invocations=11 (full 0):
 garbage-first heap   total reserved 4114432K, committed 96256K, used 29047K [0x0000000704e00000, 0x0000000800000000)
  region size 2048K, 3 young (6144K), 3 survivors (6144K)
 Metaspace       used 41146K, committed 41792K, reserved 1114112K
  class space    used 5903K, committed 6144K, reserved 1048576K
}
Event: 4.894 GC heap before
{Heap before GC invocations=11 (full 0):
 garbage-first heap   total reserved 4114432K, committed 96256K, used 78199K [0x0000000704e00000, 0x0000000800000000)
  region size 2048K, 27 young (55296K), 3 survivors (6144K)
 Metaspace       used 52477K, committed 53120K, reserved 1114112K
  class space    used 7586K, committed 7872K, reserved 1048576K
}
Event: 4.902 GC heap after
{Heap after GC invocations=12 (full 0):
 garbage-first heap   total reserved 4114432K, committed 96256K, used 31954K [0x0000000704e00000, 0x0000000800000000)
  region size 2048K, 3 young (6144K), 3 survivors (6144K)
 Metaspace       used 52477K, committed 53120K, reserved 1114112K
  class space    used 7586K, committed 7872K, reserved 1048576K
}
Event: 5.444 GC heap before
{Heap before GC invocations=12 (full 0):
 garbage-first heap   total reserved 4114432K, committed 96256K, used 62674K [0x0000000704e00000, 0x0000000800000000)
  region size 2048K, 20 young (40960K), 3 survivors (6144K)
 Metaspace       used 59742K, committed 60416K, reserved 1114112K
  class space    used 8805K, committed 9088K, reserved 1048576K
}
Event: 5.450 GC heap after
{Heap after GC invocations=13 (full 0):
 garbage-first heap   total reserved 4114432K, committed 96256K, used 33557K [0x0000000704e00000, 0x0000000800000000)
  region size 2048K, 3 young (6144K), 3 survivors (6144K)
 Metaspace       used 59742K, committed 60416K, reserved 1114112K
  class space    used 8805K, committed 9088K, reserved 1048576K
}
Event: 6.219 GC heap before
{Heap before GC invocations=14 (full 0):
 garbage-first heap   total reserved 4114432K, committed 96256K, used 80661K [0x0000000704e00000, 0x0000000800000000)
  region size 2048K, 26 young (53248K), 3 survivors (6144K)
 Metaspace       used 67873K, committed 68608K, reserved 1114112K
  class space    used 10042K, committed 10368K, reserved 1048576K
}
Event: 6.225 GC heap after
{Heap after GC invocations=15 (full 0):
 garbage-first heap   total reserved 4114432K, committed 96256K, used 37076K [0x0000000704e00000, 0x0000000800000000)
  region size 2048K, 4 young (8192K), 4 survivors (8192K)
 Metaspace       used 67873K, committed 68608K, reserved 1114112K
  class space    used 10042K, committed 10368K, reserved 1048576K
}
Event: 6.608 GC heap before
{Heap before GC invocations=15 (full 0):
 garbage-first heap   total reserved 4114432K, committed 96256K, used 80084K [0x0000000704e00000, 0x0000000800000000)
  region size 2048K, 25 young (51200K), 4 survivors (8192K)
 Metaspace       used 71808K, committed 72576K, reserved 1114112K
  class space    used 10871K, committed 11200K, reserved 1048576K
}
Event: 6.615 GC heap after
{Heap after GC invocations=16 (full 0):
 garbage-first heap   total reserved 4114432K, committed 96256K, used 40099K [0x0000000704e00000, 0x0000000800000000)
  region size 2048K, 4 young (8192K), 4 survivors (8192K)
 Metaspace       used 71808K, committed 72576K, reserved 1114112K
  class space    used 10871K, committed 11200K, reserved 1048576K
}
Event: 6.797 GC heap before
{Heap before GC invocations=16 (full 0):
 garbage-first heap   total reserved 4114432K, committed 96256K, used 81059K [0x0000000704e00000, 0x0000000800000000)
  region size 2048K, 24 young (49152K), 4 survivors (8192K)
 Metaspace       used 73256K, committed 74048K, reserved 1114112K
  class space    used 11061K, committed 11392K, reserved 1048576K
}
Event: 6.802 GC heap after
{Heap after GC invocations=17 (full 0):
 garbage-first heap   total reserved 4114432K, committed 96256K, used 41121K [0x0000000704e00000, 0x0000000800000000)
  region size 2048K, 3 young (6144K), 3 survivors (6144K)
 Metaspace       used 73256K, committed 74048K, reserved 1114112K
  class space    used 11061K, committed 11392K, reserved 1048576K
}
Event: 6.944 GC heap before
{Heap before GC invocations=17 (full 0):
 garbage-first heap   total reserved 4114432K, committed 96256K, used 82081K [0x0000000704e00000, 0x0000000800000000)
  region size 2048K, 23 young (47104K), 3 survivors (6144K)
 Metaspace       used 73807K, committed 74560K, reserved 1114112K
  class space    used 11124K, committed 11456K, reserved 1048576K
}

